e:\prj\farcry\sourcecode\cryaisystem\debug\cryaisystem.pch
e:\prj\farcry\sourcecode\cryaisystem\debug\vc143.pdb
e:\prj\farcry\sourcecode\cryaisystem\debug\vc143.idb
e:\prj\farcry\sourcecode\cryaisystem\debug\stdafx.obj
e:\prj\farcry\sourcecode\cryaisystem\debug\aiattribute.obj
e:\prj\farcry\sourcecode\cryaisystem\debug\aiautobalance.obj
e:\prj\farcry\sourcecode\cryaisystem\debug\aimemstats.obj
e:\prj\farcry\sourcecode\cryaisystem\debug\aiobject.obj
e:\prj\farcry\sourcecode\cryaisystem\debug\aiplayer.obj
e:\prj\farcry\sourcecode\cryaisystem\debug\aivehicle.obj
e:\prj\farcry\sourcecode\cryaisystem\debug\buildingidmanager.obj
e:\prj\farcry\sourcecode\cryaisystem\debug\caisystem.obj
e:\prj\farcry\sourcecode\cryaisystem\debug\cryaisystem.obj
e:\prj\farcry\sourcecode\cryaisystem\debug\ctriangulator.obj
e:\prj\farcry\sourcecode\cryaisystem\debug\formation.obj
e:\prj\farcry\sourcecode\cryaisystem\debug\goalop.obj
e:\prj\farcry\sourcecode\cryaisystem\debug\goalpipe.obj
e:\prj\farcry\sourcecode\cryaisystem\debug\graph.obj
e:\prj\farcry\sourcecode\cryaisystem\debug\graphutility.obj
e:\prj\farcry\sourcecode\cryaisystem\debug\heuristic.obj
e:\prj\farcry\sourcecode\cryaisystem\debug\iagent.obj
e:\prj\farcry\sourcecode\cryaisystem\debug\pipeuser.obj
e:\prj\farcry\sourcecode\cryaisystem\debug\puppet.obj
e:\prj\farcry\sourcecode\cryaisystem\debug\vertexlist.obj
e:\prj\farcry\sourcecode\cryaisystem\debug\cryaisystem.ilk
d:\games\fc\bin32\cryaisystem.dll
d:\games\fc\bin32\cryaisystem.pdb
e:\prj\farcry\sourcecode\cryaisystem\debug\cryaisystem.lib
e:\prj\farcry\sourcecode\cryaisystem\debug\cryaisystem.exp
e:\prj\farcry\sourcecode\cryaisystem\debug\cryaisystem.tlog\cl.command.1.tlog
e:\prj\farcry\sourcecode\cryaisystem\debug\cryaisystem.tlog\cl.read.1.tlog
e:\prj\farcry\sourcecode\cryaisystem\debug\cryaisystem.tlog\cl.write.1.tlog
e:\prj\farcry\sourcecode\cryaisystem\debug\cryaisystem.tlog\link.command.1.tlog
e:\prj\farcry\sourcecode\cryaisystem\debug\cryaisystem.tlog\link.read.1.tlog
e:\prj\farcry\sourcecode\cryaisystem\debug\cryaisystem.tlog\link.write.1.tlog
e:\prj\farcry\sourcecode\cryaisystem\debug\cryaisystem.tlog\link.write.2u.tlog
