e:\prj\farcry\sourcecode\cryentitysystem\debug\cryentitysystem.pch
e:\prj\farcry\sourcecode\cryentitysystem\debug\vc143.pdb
e:\prj\farcry\sourcecode\cryentitysystem\debug\vc143.idb
e:\prj\farcry\sourcecode\cryentitysystem\debug\stdafx.obj
e:\prj\farcry\sourcecode\cryentitysystem\debug\cryentitydll.obj
e:\prj\farcry\sourcecode\cryentitysystem\debug\entity.obj
e:\prj\farcry\sourcecode\cryentitysystem\debug\entitycamera.obj
e:\prj\farcry\sourcecode\cryentitysystem\debug\entitycreation.obj
e:\prj\farcry\sourcecode\cryentitysystem\debug\entityit.obj
e:\prj\farcry\sourcecode\cryentitysystem\debug\entitypesistence.obj
e:\prj\farcry\sourcecode\cryentitysystem\debug\entityrender.obj
e:\prj\farcry\sourcecode\cryentitysystem\debug\entitysystem.obj
e:\prj\farcry\sourcecode\cryentitysystem\debug\idgenerator.obj
e:\prj\farcry\sourcecode\cryentitysystem\debug\lipsync.obj
e:\prj\farcry\sourcecode\cryentitysystem\debug\randomexprloadsink.obj
e:\prj\farcry\sourcecode\cryentitysystem\debug\cryentitysystem.ilk
d:\games\fc\bin32\cryentitysystem.dll
d:\games\fc\bin32\cryentitysystem.pdb
e:\prj\farcry\sourcecode\cryentitysystem\debug\cryentitysystem.lib
e:\prj\farcry\sourcecode\cryentitysystem\debug\cryentitysystem.exp
e:\prj\farcry\sourcecode\cryentitysystem\debug\cryentitysystem.tlog\cl.command.1.tlog
e:\prj\farcry\sourcecode\cryentitysystem\debug\cryentitysystem.tlog\cl.read.1.tlog
e:\prj\farcry\sourcecode\cryentitysystem\debug\cryentitysystem.tlog\cl.write.1.tlog
e:\prj\farcry\sourcecode\cryentitysystem\debug\cryentitysystem.tlog\link.command.1.tlog
e:\prj\farcry\sourcecode\cryentitysystem\debug\cryentitysystem.tlog\link.read.1.tlog
e:\prj\farcry\sourcecode\cryentitysystem\debug\cryentitysystem.tlog\link.write.1.tlog
e:\prj\farcry\sourcecode\cryentitysystem\debug\cryentitysystem.tlog\link.write.2u.tlog
