d:\games\fc\bin32\cryanimation.bsc
e:\prj\farcry\sourcecode\cryanimation\debug\cryanimation.pch
e:\prj\farcry\sourcecode\cryanimation\debug\vc143.pdb
e:\prj\farcry\sourcecode\cryanimation\debug\vc143.idb
e:\prj\farcry\sourcecode\cryanimation\debug\stdafx.sbr
e:\prj\farcry\sourcecode\cryanimation\debug\stdafx.obj
e:\prj\farcry\sourcecode\cryanimation\debug\xboxexport.sbr
e:\prj\farcry\sourcecode\cryanimation\debug\vertexbufferarraydrivers.sbr
e:\prj\farcry\sourcecode\cryanimation\debug\sseutils.sbr
e:\prj\farcry\sourcecode\cryanimation\debug\splitpath.sbr
e:\prj\farcry\sourcecode\cryanimation\debug\renderutils.sbr
e:\prj\farcry\sourcecode\cryanimation\debug\quaternionexponentx87.sbr
e:\prj\farcry\sourcecode\cryanimation\debug\mathutils.sbr
e:\prj\farcry\sourcecode\cryanimation\debug\makepath.sbr
e:\prj\farcry\sourcecode\cryanimation\debug\inccontheap.sbr
e:\prj\farcry\sourcecode\cryanimation\debug\filemapping.sbr
e:\prj\farcry\sourcecode\cryanimation\debug\drand.sbr
e:\prj\farcry\sourcecode\cryanimation\debug\debugutils.sbr
e:\prj\farcry\sourcecode\cryanimation\debug\cvars.sbr
e:\prj\farcry\sourcecode\cryanimation\debug\cryvertexbinding.sbr
e:\prj\farcry\sourcecode\cryanimation\debug\cryskinrigidbasis.sbr
e:\prj\farcry\sourcecode\cryanimation\debug\cryskinmorphbuilder.sbr
e:\prj\farcry\sourcecode\cryanimation\debug\cryskinmorph.sbr
e:\prj\farcry\sourcecode\cryanimation\debug\cryskinfull.sbr
e:\prj\farcry\sourcecode\cryanimation\debug\cryskinbuilderbase.sbr
e:\prj\farcry\sourcecode\cryanimation\debug\cryskinbuilder.sbr
e:\prj\farcry\sourcecode\cryanimation\debug\cryskinbuilder.obj
e:\prj\farcry\sourcecode\cryanimation\debug\cryskinbuilderbase.obj
e:\prj\farcry\sourcecode\cryanimation\debug\cryskinfull.obj
e:\prj\farcry\sourcecode\cryanimation\debug\cryskinmorph.obj
e:\prj\farcry\sourcecode\cryanimation\debug\cryskinmorphbuilder.obj
e:\prj\farcry\sourcecode\cryanimation\debug\cryskinrigidbasis.obj
e:\prj\farcry\sourcecode\cryanimation\debug\cryvertexbinding.obj
e:\prj\farcry\sourcecode\cryanimation\debug\cvars.obj
e:\prj\farcry\sourcecode\cryanimation\debug\debugutils.obj
e:\prj\farcry\sourcecode\cryanimation\debug\drand.obj
e:\prj\farcry\sourcecode\cryanimation\debug\filemapping.obj
e:\prj\farcry\sourcecode\cryanimation\debug\inccontheap.obj
e:\prj\farcry\sourcecode\cryanimation\debug\makepath.obj
e:\prj\farcry\sourcecode\cryanimation\debug\mathutils.obj
e:\prj\farcry\sourcecode\cryanimation\debug\quaternionexponentx87.obj
e:\prj\farcry\sourcecode\cryanimation\debug\renderutils.obj
e:\prj\farcry\sourcecode\cryanimation\debug\splitpath.obj
e:\prj\farcry\sourcecode\cryanimation\debug\sseutils.obj
e:\prj\farcry\sourcecode\cryanimation\debug\vertexbufferarraydrivers.obj
e:\prj\farcry\sourcecode\cryanimation\debug\xboxexport.obj
e:\prj\farcry\sourcecode\cryanimation\debug\cryskinbasisbuilder.sbr
e:\prj\farcry\sourcecode\cryanimation\debug\cryskinbase.sbr
e:\prj\farcry\sourcecode\cryanimation\debug\crymodelsubmesh.sbr
e:\prj\farcry\sourcecode\cryanimation\debug\crymodelstatephys.sbr
e:\prj\farcry\sourcecode\cryanimation\debug\crymodelstate.sbr
e:\prj\farcry\sourcecode\cryanimation\debug\crymodelshadowvolume.sbr
e:\prj\farcry\sourcecode\cryanimation\debug\crymodelloader.sbr
e:\prj\farcry\sourcecode\cryanimation\debug\crymodelgeometryloader.sbr
e:\prj\farcry\sourcecode\cryanimation\debug\crymodelarrays.sbr
e:\prj\farcry\sourcecode\cryanimation\debug\crymodelanimationcontainer.sbr
e:\prj\farcry\sourcecode\cryanimation\debug\crymodel.sbr
e:\prj\farcry\sourcecode\cryanimation\debug\crymodel-data.sbr
e:\prj\farcry\sourcecode\cryanimation\debug\crymodeffmorph.sbr
e:\prj\farcry\sourcecode\cryanimation\debug\crymodeffiksolver.sbr
e:\prj\farcry\sourcecode\cryanimation\debug\crymodeffanimation.sbr
e:\prj\farcry\sourcecode\cryanimation\debug\crykeyinterpolation.sbr
e:\prj\farcry\sourcecode\cryanimation\debug\crygeommorphtarget.sbr
e:\prj\farcry\sourcecode\cryanimation\debug\crygeometryinfo.sbr
e:\prj\farcry\sourcecode\cryanimation\debug\crycharreshadowvolume.sbr
e:\prj\farcry\sourcecode\cryanimation\debug\crycharreshadowmanager.sbr
e:\prj\farcry\sourcecode\cryanimation\debug\crycharreshadowmanager.obj
e:\prj\farcry\sourcecode\cryanimation\debug\crycharreshadowvolume.obj
e:\prj\farcry\sourcecode\cryanimation\debug\crygeometryinfo.obj
e:\prj\farcry\sourcecode\cryanimation\debug\crygeommorphtarget.obj
e:\prj\farcry\sourcecode\cryanimation\debug\crykeyinterpolation.obj
e:\prj\farcry\sourcecode\cryanimation\debug\crymodeffanimation.obj
e:\prj\farcry\sourcecode\cryanimation\debug\crymodeffiksolver.obj
e:\prj\farcry\sourcecode\cryanimation\debug\crymodeffmorph.obj
e:\prj\farcry\sourcecode\cryanimation\debug\crymodel-data.obj
e:\prj\farcry\sourcecode\cryanimation\debug\crymodel.obj
e:\prj\farcry\sourcecode\cryanimation\debug\crymodelanimationcontainer.obj
e:\prj\farcry\sourcecode\cryanimation\debug\crymodelarrays.obj
e:\prj\farcry\sourcecode\cryanimation\debug\crymodelgeometryloader.obj
e:\prj\farcry\sourcecode\cryanimation\debug\crymodelloader.obj
e:\prj\farcry\sourcecode\cryanimation\debug\crymodelshadowvolume.obj
e:\prj\farcry\sourcecode\cryanimation\debug\crymodelstate.obj
e:\prj\farcry\sourcecode\cryanimation\debug\crymodelstatephys.obj
e:\prj\farcry\sourcecode\cryanimation\debug\crymodelsubmesh.obj
e:\prj\farcry\sourcecode\cryanimation\debug\cryskinbase.obj
e:\prj\farcry\sourcecode\cryanimation\debug\cryskinbasisbuilder.obj
e:\prj\farcry\sourcecode\cryanimation\debug\crycharrenderelement.sbr
e:\prj\farcry\sourcecode\cryanimation\debug\crycharparticlemanager.sbr
e:\prj\farcry\sourcecode\cryanimation\debug\crycharmanager.sbr
e:\prj\farcry\sourcecode\cryanimation\debug\crycharinstancerenderparams.sbr
e:\prj\farcry\sourcecode\cryanimation\debug\crycharinstance.sbr
e:\prj\farcry\sourcecode\cryanimation\debug\crycharfxtrail.sbr
e:\prj\farcry\sourcecode\cryanimation\debug\crychardecalmanager.sbr
e:\prj\farcry\sourcecode\cryanimation\debug\crychardecalbuilder.sbr
e:\prj\farcry\sourcecode\cryanimation\debug\crychardecal.sbr
e:\prj\farcry\sourcecode\cryanimation\debug\crycharbody.sbr
e:\prj\farcry\sourcecode\cryanimation\debug\cryboneinfo.sbr
e:\prj\farcry\sourcecode\cryanimation\debug\crybonehierarchyloader.sbr
e:\prj\farcry\sourcecode\cryanimation\debug\crybonedesc.sbr
e:\prj\farcry\sourcecode\cryanimation\debug\crybone.sbr
e:\prj\farcry\sourcecode\cryanimation\debug\cryanimationbase.sbr
e:\prj\farcry\sourcecode\cryanimation\debug\controllertcb.sbr
e:\prj\farcry\sourcecode\cryanimation\debug\controllerpackedbspline.sbr
e:\prj\farcry\sourcecode\cryanimation\debug\controllermanager.sbr
e:\prj\farcry\sourcecode\cryanimation\debug\controllercrybone.sbr
e:\prj\farcry\sourcecode\cryanimation\debug\controller.sbr
e:\prj\farcry\sourcecode\cryanimation\debug\controller.obj
e:\prj\farcry\sourcecode\cryanimation\debug\controllercrybone.obj
e:\prj\farcry\sourcecode\cryanimation\debug\controllermanager.obj
e:\prj\farcry\sourcecode\cryanimation\debug\controllerpackedbspline.obj
e:\prj\farcry\sourcecode\cryanimation\debug\controllertcb.obj
e:\prj\farcry\sourcecode\cryanimation\debug\cryanimationbase.obj
e:\prj\farcry\sourcecode\cryanimation\debug\crybone.obj
e:\prj\farcry\sourcecode\cryanimation\debug\crybonedesc.obj
e:\prj\farcry\sourcecode\cryanimation\debug\crybonehierarchyloader.obj
e:\prj\farcry\sourcecode\cryanimation\debug\cryboneinfo.obj
e:\prj\farcry\sourcecode\cryanimation\debug\crycharbody.obj
e:\prj\farcry\sourcecode\cryanimation\debug\crychardecal.obj
e:\prj\farcry\sourcecode\cryanimation\debug\crychardecalbuilder.obj
e:\prj\farcry\sourcecode\cryanimation\debug\crychardecalmanager.obj
e:\prj\farcry\sourcecode\cryanimation\debug\crycharfxtrail.obj
e:\prj\farcry\sourcecode\cryanimation\debug\crycharinstance.obj
e:\prj\farcry\sourcecode\cryanimation\debug\crycharinstancerenderparams.obj
e:\prj\farcry\sourcecode\cryanimation\debug\crycharmanager.obj
e:\prj\farcry\sourcecode\cryanimation\debug\crycharparticlemanager.obj
e:\prj\farcry\sourcecode\cryanimation\debug\crycharrenderelement.obj
e:\prj\farcry\sourcecode\cryanimation\debug\chunkfilereader.sbr
e:\prj\farcry\sourcecode\cryanimation\debug\cgfutils.sbr
e:\prj\farcry\sourcecode\cryanimation\debug\bsplinevec3dpacked.sbr
e:\prj\farcry\sourcecode\cryanimation\debug\bsplineopen.sbr
e:\prj\farcry\sourcecode\cryanimation\debug\bsplineknots.sbr
e:\prj\farcry\sourcecode\cryanimation\debug\bonelightdynamicbind.sbr
e:\prj\farcry\sourcecode\cryanimation\debug\bonelightbindinfo.sbr
e:\prj\farcry\sourcecode\cryanimation\debug\animobjectmanager.sbr
e:\prj\farcry\sourcecode\cryanimation\debug\animobjectloader.sbr
e:\prj\farcry\sourcecode\cryanimation\debug\animobject.sbr
e:\prj\farcry\sourcecode\cryanimation\debug\animobject.obj
e:\prj\farcry\sourcecode\cryanimation\debug\animobjectloader.obj
e:\prj\farcry\sourcecode\cryanimation\debug\animobjectmanager.obj
e:\prj\farcry\sourcecode\cryanimation\debug\bonelightbindinfo.obj
e:\prj\farcry\sourcecode\cryanimation\debug\bonelightdynamicbind.obj
e:\prj\farcry\sourcecode\cryanimation\debug\bsplineknots.obj
e:\prj\farcry\sourcecode\cryanimation\debug\bsplineopen.obj
e:\prj\farcry\sourcecode\cryanimation\debug\bsplinevec3dpacked.obj
e:\prj\farcry\sourcecode\cryanimation\debug\cgfutils.obj
e:\prj\farcry\sourcecode\cryanimation\debug\chunkfilereader.obj
e:\prj\farcry\sourcecode\cryanimation\debug\cryanimation.lib
e:\prj\farcry\sourcecode\cryanimation\debug\cryanimation.exp
e:\prj\farcry\sourcecode\cryanimation\debug\cryanimation.ilk
d:\games\fc\bin32\cryanimation.dll
d:\games\fc\bin32\cryanimation.pdb
e:\prj\farcry\sourcecode\cryanimation\debug\cryanimation.tlog\bscmake.command.1.tlog
e:\prj\farcry\sourcecode\cryanimation\debug\cryanimation.tlog\bscmake.read.1.tlog
e:\prj\farcry\sourcecode\cryanimation\debug\cryanimation.tlog\bscmake.write.1.tlog
e:\prj\farcry\sourcecode\cryanimation\debug\cryanimation.tlog\cl.command.1.tlog
e:\prj\farcry\sourcecode\cryanimation\debug\cryanimation.tlog\cl.read.1.tlog
e:\prj\farcry\sourcecode\cryanimation\debug\cryanimation.tlog\cl.write.1.tlog
e:\prj\farcry\sourcecode\cryanimation\debug\cryanimation.tlog\link.command.1.tlog
e:\prj\farcry\sourcecode\cryanimation\debug\cryanimation.tlog\link.read.1.tlog
e:\prj\farcry\sourcecode\cryanimation\debug\cryanimation.tlog\link.write.1.tlog
e:\prj\farcry\sourcecode\cryanimation\debug\cryanimation.tlog\link.write.2u.tlog
