e:\prj\farcry\sourcecode\cryinput\debug\cryinput.pch
e:\prj\farcry\sourcecode\cryinput\debug\vc143.pdb
e:\prj\farcry\sourcecode\cryinput\debug\vc143.idb
e:\prj\farcry\sourcecode\cryinput\debug\stdafx.obj
e:\prj\farcry\sourcecode\cryinput\debug\cryinput.obj
e:\prj\farcry\sourcecode\cryinput\debug\input.obj
e:\prj\farcry\sourcecode\cryinput\debug\joystick.obj
e:\prj\farcry\sourcecode\cryinput\debug\xactionmap.obj
e:\prj\farcry\sourcecode\cryinput\debug\xactionmapmanager.obj
e:\prj\farcry\sourcecode\cryinput\debug\xkeyboard.obj
e:\prj\farcry\sourcecode\cryinput\debug\xmouse.obj
e:\prj\farcry\sourcecode\cryinput\debug\cryinput.ilk
d:\games\fc\bin32\cryinput.dll
d:\games\fc\bin32\cryinput.pdb
e:\prj\farcry\sourcecode\cryinput\debug\cryinput.lib
e:\prj\farcry\sourcecode\cryinput\debug\cryinput.exp
e:\prj\farcry\sourcecode\cryinput\debug\cryinput.tlog\cl.command.1.tlog
e:\prj\farcry\sourcecode\cryinput\debug\cryinput.tlog\cl.read.1.tlog
e:\prj\farcry\sourcecode\cryinput\debug\cryinput.tlog\cl.write.1.tlog
e:\prj\farcry\sourcecode\cryinput\debug\cryinput.tlog\link.command.1.tlog
e:\prj\farcry\sourcecode\cryinput\debug\cryinput.tlog\link.read.1.tlog
e:\prj\farcry\sourcecode\cryinput\debug\cryinput.tlog\link.write.1.tlog
e:\prj\farcry\sourcecode\cryinput\debug\cryinput.tlog\link.write.2u.tlog
