e:\prj\farcry\sourcecode\crysoundsystem\debug\crysoundsystem.pch
e:\prj\farcry\sourcecode\crysoundsystem\debug\vc143.pdb
e:\prj\farcry\sourcecode\crysoundsystem\debug\vc143.idb
e:\prj\farcry\sourcecode\crysoundsystem\debug\stdafx.obj
e:\prj\farcry\sourcecode\crysoundsystem\debug\adpcmdecoder.obj
e:\prj\farcry\sourcecode\crysoundsystem\debug\crysoundsystem.obj
e:\prj\farcry\sourcecode\crysoundsystem\debug\musicpattern.obj
e:\prj\farcry\sourcecode\crysoundsystem\debug\musicpatterninstance.obj
e:\prj\farcry\sourcecode\crysoundsystem\debug\musicsystem.obj
e:\prj\farcry\sourcecode\crysoundsystem\debug\oggdecoder.obj
e:\prj\farcry\sourcecode\crysoundsystem\debug\pcmdecoder.obj
e:\prj\farcry\sourcecode\crysoundsystem\debug\randgen.obj
e:\prj\farcry\sourcecode\crysoundsystem\debug\sound.obj
e:\prj\farcry\sourcecode\crysoundsystem\debug\soundbuffer.obj
e:\prj\farcry\sourcecode\crysoundsystem\debug\soundsystem.obj
e:\prj\farcry\sourcecode\crysoundsystem\debug\soundsystemcommon.obj
e:\prj\farcry\sourcecode\crysoundsystem\debug\crysoundsystem.ilk
d:\games\fc\bin32\crysoundsystem.dll
d:\games\fc\bin32\crysoundsystem.pdb
e:\prj\farcry\sourcecode\crysoundsystem\debug\crysoundsystem.lib
e:\prj\farcry\sourcecode\crysoundsystem\debug\crysoundsystem.exp
e:\prj\farcry\sourcecode\crysoundsystem\debug\crysoundsystem.tlog\cl.command.1.tlog
e:\prj\farcry\sourcecode\crysoundsystem\debug\crysoundsystem.tlog\cl.read.1.tlog
e:\prj\farcry\sourcecode\crysoundsystem\debug\crysoundsystem.tlog\cl.write.1.tlog
e:\prj\farcry\sourcecode\crysoundsystem\debug\crysoundsystem.tlog\link.command.1.tlog
e:\prj\farcry\sourcecode\crysoundsystem\debug\crysoundsystem.tlog\link.read.1.tlog
e:\prj\farcry\sourcecode\crysoundsystem\debug\crysoundsystem.tlog\link.write.1.tlog
e:\prj\farcry\sourcecode\crysoundsystem\debug\crysoundsystem.tlog\link.write.2u.tlog
