e:\prj\farcry\sourcecode\farcry_winsv\debug\farcry_winsv.pch
e:\prj\farcry\sourcecode\farcry_winsv\debug\vc143.pdb
e:\prj\farcry\sourcecode\farcry_winsv\debug\vc143.idb
e:\prj\farcry\sourcecode\farcry_winsv\debug\stdafx.obj
e:\prj\farcry\sourcecode\farcry_winsv\debug\basicconsole.obj
e:\prj\farcry\sourcecode\farcry_winsv\debug\dedicatedserver.obj
e:\prj\farcry\sourcecode\farcry_winsv\debug\farcry_winsv.obj
e:\prj\farcry\sourcecode\farcry_winsv\debug\winandconsole.obj
e:\prj\farcry\sourcecode\farcry_winsv\debug\farcry_winsv.ilk
d:\games\fc\bin32\farcry_winsv.exe
d:\games\fc\bin32\farcry_winsv.pdb
e:\prj\farcry\sourcecode\farcry_winsv\debug\farcry_winsv.res
e:\prj\farcry\sourcecode\farcry_winsv\debug\farcry_winsv.tlog\cl.command.1.tlog
e:\prj\farcry\sourcecode\farcry_winsv\debug\farcry_winsv.tlog\cl.read.1.tlog
e:\prj\farcry\sourcecode\farcry_winsv\debug\farcry_winsv.tlog\cl.write.1.tlog
e:\prj\farcry\sourcecode\farcry_winsv\debug\farcry_winsv.tlog\link.command.1.tlog
e:\prj\farcry\sourcecode\farcry_winsv\debug\farcry_winsv.tlog\link.read.1.tlog
e:\prj\farcry\sourcecode\farcry_winsv\debug\farcry_winsv.tlog\link.write.1.tlog
e:\prj\farcry\sourcecode\farcry_winsv\debug\farcry_winsv.tlog\rc.command.1.tlog
e:\prj\farcry\sourcecode\farcry_winsv\debug\farcry_winsv.tlog\rc.read.1.tlog
e:\prj\farcry\sourcecode\farcry_winsv\debug\farcry_winsv.tlog\rc.write.1.tlog
