e:\prj\farcry\sourcecode\renderdll\xrenderd3d9\debug\xrenderd3d9.pch
e:\prj\farcry\sourcecode\renderdll\xrenderd3d9\debug\vc143.pdb
e:\prj\farcry\sourcecode\renderdll\xrenderd3d9\debug\vc143.idb
e:\prj\farcry\sourcecode\renderdll\xrenderd3d9\debug\renderpch.obj
e:\prj\farcry\sourcecode\renderdll\xrenderd3d9\debug\tgaimage.obj
e:\prj\farcry\sourcecode\renderdll\xrenderd3d9\debug\texman.obj
e:\prj\farcry\sourcecode\renderdll\xrenderd3d9\debug\texmanshadows.obj
e:\prj\farcry\sourcecode\renderdll\xrenderd3d9\debug\texmanstreaming.obj
e:\prj\farcry\sourcecode\renderdll\xrenderd3d9\debug\d3dcgpshader.obj
e:\prj\farcry\sourcecode\renderdll\xrenderd3d9\debug\d3dcgvprogram.obj
e:\prj\farcry\sourcecode\renderdll\xrenderd3d9\debug\d3denumeration.obj
e:\prj\farcry\sourcecode\renderdll\xrenderd3d9\debug\d3dfont.obj
e:\prj\farcry\sourcecode\renderdll\xrenderd3d9\debug\d3dhdrrender.obj
e:\prj\farcry\sourcecode\renderdll\xrenderd3d9\debug\d3dlog.obj
e:\prj\farcry\sourcecode\renderdll\xrenderd3d9\debug\d3drenderre.obj
e:\prj\farcry\sourcecode\renderdll\xrenderd3d9\debug\d3drendpipeline.obj
e:\prj\farcry\sourcecode\renderdll\xrenderd3d9\debug\d3dreocean.obj
e:\prj\farcry\sourcecode\renderdll\xrenderd3d9\debug\d3dscreenrender.obj
e:\prj\farcry\sourcecode\renderdll\xrenderd3d9\debug\d3dshaders.obj
e:\prj\farcry\sourcecode\renderdll\xrenderd3d9\debug\d3dshadows.obj
e:\prj\farcry\sourcecode\renderdll\xrenderd3d9\debug\d3dsprites.obj
e:\prj\farcry\sourcecode\renderdll\xrenderd3d9\debug\d3dsystem.obj
e:\prj\farcry\sourcecode\renderdll\xrenderd3d9\debug\d3dtexturesstreaming.obj
e:\prj\farcry\sourcecode\renderdll\xrenderd3d9\debug\d3dvertbuffer.obj
e:\prj\farcry\sourcecode\renderdll\xrenderd3d9\debug\cretempmesh.obj
e:\prj\farcry\sourcecode\renderdll\xrenderd3d9\debug\creterrainsector.obj
e:\prj\farcry\sourcecode\renderdll\xrenderd3d9\debug\cretrimeshshadow.obj
e:\prj\farcry\sourcecode\renderdll\xrenderd3d9\debug\fft_sse.obj
e:\prj\farcry\sourcecode\renderdll\xrenderd3d9\debug\rendelement.obj
e:\prj\farcry\sourcecode\renderdll\xrenderd3d9\debug\renderer.obj
e:\prj\farcry\sourcecode\renderdll\xrenderd3d9\debug\resfile.obj
e:\prj\farcry\sourcecode\renderdll\xrenderd3d9\debug\parser.obj
e:\prj\farcry\sourcecode\renderdll\xrenderd3d9\debug\shadercomponents.obj
e:\prj\farcry\sourcecode\renderdll\xrenderd3d9\debug\shadercore.obj
e:\prj\farcry\sourcecode\renderdll\xrenderd3d9\debug\shaderparse.obj
e:\prj\farcry\sourcecode\renderdll\xrenderd3d9\debug\shaderscript.obj
e:\prj\farcry\sourcecode\renderdll\xrenderd3d9\debug\shadertemplate.obj
e:\prj\farcry\sourcecode\renderdll\xrenderd3d9\debug\bmpimage.obj
e:\prj\farcry\sourcecode\renderdll\xrenderd3d9\debug\cimage.obj
e:\prj\farcry\sourcecode\renderdll\xrenderd3d9\debug\ddsimage.obj
e:\prj\farcry\sourcecode\renderdll\xrenderd3d9\debug\inv_cmap.obj
e:\prj\farcry\sourcecode\renderdll\xrenderd3d9\debug\jpgimage.obj
e:\prj\farcry\sourcecode\renderdll\xrenderd3d9\debug\pcximage.obj
e:\prj\farcry\sourcecode\renderdll\xrenderd3d9\debug\quantize.obj
e:\prj\farcry\sourcecode\renderdll\xrenderd3d9\debug\pip_addons.obj
e:\prj\farcry\sourcecode\renderdll\xrenderd3d9\debug\cre2dquad.obj
e:\prj\farcry\sourcecode\renderdll\xrenderd3d9\debug\crebeam.obj
e:\prj\farcry\sourcecode\renderdll\xrenderd3d9\debug\creclientpoly.obj
e:\prj\farcry\sourcecode\renderdll\xrenderd3d9\debug\creclientpoly2d.obj
e:\prj\farcry\sourcecode\renderdll\xrenderd3d9\debug\credummy.obj
e:\prj\farcry\sourcecode\renderdll\xrenderd3d9\debug\creflares.obj
e:\prj\farcry\sourcecode\renderdll\xrenderd3d9\debug\creflashbang.obj
e:\prj\farcry\sourcecode\renderdll\xrenderd3d9\debug\creglare.obj
e:\prj\farcry\sourcecode\renderdll\xrenderd3d9\debug\crehdrprocess.obj
e:\prj\farcry\sourcecode\renderdll\xrenderd3d9\debug\creocean.obj
e:\prj\farcry\sourcecode\renderdll\xrenderd3d9\debug\creocleaf.obj
e:\prj\farcry\sourcecode\renderdll\xrenderd3d9\debug\creoclusionquery.obj
e:\prj\farcry\sourcecode\renderdll\xrenderd3d9\debug\creparticlespray.obj
e:\prj\farcry\sourcecode\renderdll\xrenderd3d9\debug\crepolyblend.obj
e:\prj\farcry\sourcecode\renderdll\xrenderd3d9\debug\crepolymesh.obj
e:\prj\farcry\sourcecode\renderdll\xrenderd3d9\debug\creprefabgeom.obj
e:\prj\farcry\sourcecode\renderdll\xrenderd3d9\debug\crescreenprocess.obj
e:\prj\farcry\sourcecode\renderdll\xrenderd3d9\debug\creshadowmap.obj
e:\prj\farcry\sourcecode\renderdll\xrenderd3d9\debug\cresky.obj
e:\prj\farcry\sourcecode\renderdll\xrenderd3d9\debug\3dutils.obj
e:\prj\farcry\sourcecode\renderdll\xrenderd3d9\debug\evalfuncs_c.obj
e:\prj\farcry\sourcecode\renderdll\xrenderd3d9\debug\evalfuncs_re.obj
e:\prj\farcry\sourcecode\renderdll\xrenderd3d9\debug\leafbuffercreate.obj
e:\prj\farcry\sourcecode\renderdll\xrenderd3d9\debug\leafbufferrender.obj
e:\prj\farcry\sourcecode\renderdll\xrenderd3d9\debug\leafbufferserialize.obj
e:\prj\farcry\sourcecode\renderdll\xrenderd3d9\debug\lightmaterial.obj
e:\prj\farcry\sourcecode\renderdll\xrenderd3d9\debug\names.obj
e:\prj\farcry\sourcecode\renderdll\xrenderd3d9\debug\crt.obj
e:\prj\farcry\sourcecode\renderdll\xrenderd3d9\debug\nvtristrip.obj
e:\prj\farcry\sourcecode\renderdll\xrenderd3d9\debug\nvtristripobjects.obj
e:\prj\farcry\sourcecode\renderdll\xrenderd3d9\debug\d3dtextures.obj
e:\prj\farcry\sourcecode\renderdll\xrenderd3d9\debug\d3dtextures.asm
e:\prj\farcry\sourcecode\renderdll\xrenderd3d9\debug\driverd3d9.obj
e:\prj\farcry\sourcecode\renderdll\xrenderd3d9\debug\driverd3d9.asm
e:\prj\farcry\sourcecode\renderdll\xrenderd3d9\debug\xrenderd3d9.lib
e:\prj\farcry\sourcecode\renderdll\xrenderd3d9\debug\xrenderd3d9.exp
d:\games\fc\bin32\xrenderd3d9.dll
e:\prj\farcry\sourcecode\renderdll\xrenderd3d9\debug\xrenderd3d9.ilk
d:\games\fc\bin32\xrenderd3d9.pdb
e:\prj\farcry\sourcecode\renderdll\xrenderd3d9\debug\xrenderd3d9.tlog\cl.command.1.tlog
e:\prj\farcry\sourcecode\renderdll\xrenderd3d9\debug\xrenderd3d9.tlog\cl.read.1.tlog
e:\prj\farcry\sourcecode\renderdll\xrenderd3d9\debug\xrenderd3d9.tlog\cl.write.1.tlog
e:\prj\farcry\sourcecode\renderdll\xrenderd3d9\debug\xrenderd3d9.tlog\link.command.1.tlog
e:\prj\farcry\sourcecode\renderdll\xrenderd3d9\debug\xrenderd3d9.tlog\link.read.1.tlog
e:\prj\farcry\sourcecode\renderdll\xrenderd3d9\debug\xrenderd3d9.tlog\link.write.1.tlog
e:\prj\farcry\sourcecode\renderdll\xrenderd3d9\debug\xrenderd3d9.tlog\link.write.2u.tlog
