e:\prj\farcry\sourcecode\resourcecompilerpc\debug\resourcecompilerpc.pch
e:\prj\farcry\sourcecode\resourcecompilerpc\debug\vc143.pdb
e:\prj\farcry\sourcecode\resourcecompilerpc\debug\vc143.idb
e:\prj\farcry\sourcecode\resourcecompilerpc\debug\stdafx.obj
e:\prj\farcry\sourcecode\resourcecompilerpc\debug\cryvertexbinding.obj
e:\prj\farcry\sourcecode\resourcecompilerpc\debug\filemapping.obj
e:\prj\farcry\sourcecode\resourcecompilerpc\debug\gc_cgfconverter.obj
e:\prj\farcry\sourcecode\resourcecompilerpc\debug\rendermeshbuilder.obj
e:\prj\farcry\sourcecode\resourcecompilerpc\debug\resourcecompilerpc.obj
e:\prj\farcry\sourcecode\resourcecompilerpc\debug\skindatasources.obj
e:\prj\farcry\sourcecode\resourcecompilerpc\debug\sseutils.obj
e:\prj\farcry\sourcecode\resourcecompilerpc\debug\crystaticmodel.obj
e:\prj\farcry\sourcecode\resourcecompilerpc\debug\file.obj
e:\prj\farcry\sourcecode\resourcecompilerpc\debug\geom.obj
e:\prj\farcry\sourcecode\resourcecompilerpc\debug\helper.obj
e:\prj\farcry\sourcecode\resourcecompilerpc\debug\light.obj
e:\prj\farcry\sourcecode\resourcecompilerpc\debug\meshidx.obj
e:\prj\farcry\sourcecode\resourcecompilerpc\debug\node.obj
e:\prj\farcry\sourcecode\resourcecompilerpc\debug\statcgfcompiler.obj
e:\prj\farcry\sourcecode\resourcecompilerpc\debug\statcgfcompilerlb.obj
e:\prj\farcry\sourcecode\resourcecompilerpc\debug\statcgfcompilerlbserialize.obj
e:\prj\farcry\sourcecode\resourcecompilerpc\debug\statcgfshadvol.obj
e:\prj\farcry\sourcecode\resourcecompilerpc\debug\statobjphysics.obj
e:\prj\farcry\sourcecode\resourcecompilerpc\debug\stencilshadowconnectivitybuilder.obj
e:\prj\farcry\sourcecode\resourcecompilerpc\debug\bonelightbindinfo.obj
e:\prj\farcry\sourcecode\resourcecompilerpc\debug\cgfconvertor.obj
e:\prj\farcry\sourcecode\resourcecompilerpc\debug\cgfutils.obj
e:\prj\farcry\sourcecode\resourcecompilerpc\debug\chunkfilereader.obj
e:\prj\farcry\sourcecode\resourcecompilerpc\debug\crybonedesc.obj
e:\prj\farcry\sourcecode\resourcecompilerpc\debug\cryskinbase.obj
e:\prj\farcry\sourcecode\resourcecompilerpc\debug\cryskinbasisbuilder.obj
e:\prj\farcry\sourcecode\resourcecompilerpc\debug\cryskinbuilder.obj
e:\prj\farcry\sourcecode\resourcecompilerpc\debug\cryskinbuilderbase.obj
e:\prj\farcry\sourcecode\resourcecompilerpc\debug\cryskinfull.obj
e:\prj\farcry\sourcecode\resourcecompilerpc\debug\cryskinmorph.obj
e:\prj\farcry\sourcecode\resourcecompilerpc\debug\cryskinmorphbuilder.obj
e:\prj\farcry\sourcecode\resourcecompilerpc\debug\cryskinrigidbasis.obj
e:\prj\farcry\sourcecode\resourcecompilerpc\debug\nvtristrip.obj
e:\prj\farcry\sourcecode\resourcecompilerpc\debug\nvtristripobjects.obj
e:\prj\farcry\sourcecode\resourcecompilerpc\debug\resourcecompilerpc.ilk
d:\games\fc\bin32\resourcecompilerpc.dll
d:\games\fc\bin32\resourcecompilerpc.pdb
d:\games\fc\bin32\resourcecompilerpc.lib
d:\games\fc\bin32\resourcecompilerpc.exp
e:\prj\farcry\sourcecode\resourcecompilerpc\debug\resource.43b9f5ef.tlog\cl.command.1.tlog
e:\prj\farcry\sourcecode\resourcecompilerpc\debug\resource.43b9f5ef.tlog\cl.read.1.tlog
e:\prj\farcry\sourcecode\resourcecompilerpc\debug\resource.43b9f5ef.tlog\cl.write.1.tlog
e:\prj\farcry\sourcecode\resourcecompilerpc\debug\resource.43b9f5ef.tlog\link.command.1.tlog
e:\prj\farcry\sourcecode\resourcecompilerpc\debug\resource.43b9f5ef.tlog\link.read.1.tlog
e:\prj\farcry\sourcecode\resourcecompilerpc\debug\resource.43b9f5ef.tlog\link.write.1.tlog
e:\prj\farcry\sourcecode\resourcecompilerpc\debug\resource.43b9f5ef.tlog\link.write.2u.tlog
