e:\prj\farcry\sourcecode\crymovie\debug\crymovie.pch
e:\prj\farcry\sourcecode\crymovie\debug\vc143.pdb
e:\prj\farcry\sourcecode\crymovie\debug\vc143.idb
e:\prj\farcry\sourcecode\crymovie\debug\stdafx.obj
e:\prj\farcry\sourcecode\crymovie\debug\animnode.obj
e:\prj\farcry\sourcecode\crymovie\debug\animsequence.obj
e:\prj\farcry\sourcecode\crymovie\debug\animsplinetrack.obj
e:\prj\farcry\sourcecode\crymovie\debug\animtrack.obj
e:\prj\farcry\sourcecode\crymovie\debug\booltrack.obj
e:\prj\farcry\sourcecode\crymovie\debug\charactertrack.obj
e:\prj\farcry\sourcecode\crymovie\debug\consoletrack.obj
e:\prj\farcry\sourcecode\crymovie\debug\crymovie.obj
e:\prj\farcry\sourcecode\crymovie\debug\cvarnode.obj
e:\prj\farcry\sourcecode\crymovie\debug\entitynode.obj
e:\prj\farcry\sourcecode\crymovie\debug\eventtrack.obj
e:\prj\farcry\sourcecode\crymovie\debug\exprtrack.obj
e:\prj\farcry\sourcecode\crymovie\debug\materialnode.obj
e:\prj\farcry\sourcecode\crymovie\debug\movie.obj
e:\prj\farcry\sourcecode\crymovie\debug\musictrack.obj
e:\prj\farcry\sourcecode\crymovie\debug\scenenode.obj
e:\prj\farcry\sourcecode\crymovie\debug\scriptvarnode.obj
e:\prj\farcry\sourcecode\crymovie\debug\selecttrack.obj
e:\prj\farcry\sourcecode\crymovie\debug\sequenceit.obj
e:\prj\farcry\sourcecode\crymovie\debug\soundtrack.obj
e:\prj\farcry\sourcecode\crymovie\debug\animcameranode.obj
e:\prj\farcry\sourcecode\crymovie\debug\crymovie.ilk
d:\games\fc\bin32\crymovie.dll
d:\games\fc\bin32\crymovie.pdb
e:\prj\farcry\sourcecode\crymovie\debug\crymovie.lib
e:\prj\farcry\sourcecode\crymovie\debug\crymovie.exp
e:\prj\farcry\sourcecode\crymovie\debug\crymovie.tlog\cl.command.1.tlog
e:\prj\farcry\sourcecode\crymovie\debug\crymovie.tlog\cl.read.1.tlog
e:\prj\farcry\sourcecode\crymovie\debug\crymovie.tlog\cl.write.1.tlog
e:\prj\farcry\sourcecode\crymovie\debug\crymovie.tlog\link.command.1.tlog
e:\prj\farcry\sourcecode\crymovie\debug\crymovie.tlog\link.read.1.tlog
e:\prj\farcry\sourcecode\crymovie\debug\crymovie.tlog\link.write.1.tlog
e:\prj\farcry\sourcecode\crymovie\debug\crymovie.tlog\link.write.2u.tlog
