e:\prj\farcry\sourcecode\renderdll\xrenderogl\debug\xrenderogl.pch
e:\prj\farcry\sourcecode\renderdll\xrenderogl\debug\vc143.pdb
e:\prj\farcry\sourcecode\renderdll\xrenderogl\debug\vc143.idb
e:\prj\farcry\sourcecode\renderdll\xrenderogl\debug\renderpch.obj
e:\prj\farcry\sourcecode\renderdll\xrenderogl\debug\fft_sse.obj
e:\prj\farcry\sourcecode\renderdll\xrenderogl\debug\rendelement.obj
e:\prj\farcry\sourcecode\renderdll\xrenderogl\debug\renderer.obj
e:\prj\farcry\sourcecode\renderdll\xrenderogl\debug\resfile.obj
e:\prj\farcry\sourcecode\renderdll\xrenderogl\debug\shadercomponents.obj
e:\prj\farcry\sourcecode\renderdll\xrenderogl\debug\shadercore.obj
e:\prj\farcry\sourcecode\renderdll\xrenderogl\debug\shaderparse.obj
e:\prj\farcry\sourcecode\renderdll\xrenderogl\debug\shaderscript.obj
e:\prj\farcry\sourcecode\renderdll\xrenderogl\debug\shadertemplate.obj
e:\prj\farcry\sourcecode\renderdll\xrenderogl\debug\bmpimage.obj
e:\prj\farcry\sourcecode\renderdll\xrenderogl\debug\cimage.obj
e:\prj\farcry\sourcecode\renderdll\xrenderogl\debug\ddsimage.obj
e:\prj\farcry\sourcecode\renderdll\xrenderogl\debug\inv_cmap.obj
e:\prj\farcry\sourcecode\renderdll\xrenderogl\debug\jpgimage.obj
e:\prj\farcry\sourcecode\renderdll\xrenderogl\debug\pcximage.obj
e:\prj\farcry\sourcecode\renderdll\xrenderogl\debug\quantize.obj
e:\prj\farcry\sourcecode\renderdll\xrenderogl\debug\tgaimage.obj
e:\prj\farcry\sourcecode\renderdll\xrenderogl\debug\texman.obj
e:\prj\farcry\sourcecode\renderdll\xrenderogl\debug\texmanshadows.obj
e:\prj\farcry\sourcecode\renderdll\xrenderogl\debug\texmanstreaming.obj
e:\prj\farcry\sourcecode\renderdll\xrenderogl\debug\creclientpoly.obj
e:\prj\farcry\sourcecode\renderdll\xrenderogl\debug\creclientpoly2d.obj
e:\prj\farcry\sourcecode\renderdll\xrenderogl\debug\credummy.obj
e:\prj\farcry\sourcecode\renderdll\xrenderogl\debug\creflares.obj
e:\prj\farcry\sourcecode\renderdll\xrenderogl\debug\creflashbang.obj
e:\prj\farcry\sourcecode\renderdll\xrenderogl\debug\creglare.obj
e:\prj\farcry\sourcecode\renderdll\xrenderogl\debug\crehdrprocess.obj
e:\prj\farcry\sourcecode\renderdll\xrenderogl\debug\creocean.obj
e:\prj\farcry\sourcecode\renderdll\xrenderogl\debug\creocleaf.obj
e:\prj\farcry\sourcecode\renderdll\xrenderogl\debug\creoclusionquery.obj
e:\prj\farcry\sourcecode\renderdll\xrenderogl\debug\creparticlespray.obj
e:\prj\farcry\sourcecode\renderdll\xrenderogl\debug\crepolyblend.obj
e:\prj\farcry\sourcecode\renderdll\xrenderogl\debug\crepolymesh.obj
e:\prj\farcry\sourcecode\renderdll\xrenderogl\debug\creprefabgeom.obj
e:\prj\farcry\sourcecode\renderdll\xrenderogl\debug\crescreenprocess.obj
e:\prj\farcry\sourcecode\renderdll\xrenderogl\debug\cresky.obj
e:\prj\farcry\sourcecode\renderdll\xrenderogl\debug\cretempmesh.obj
e:\prj\farcry\sourcecode\renderdll\xrenderogl\debug\creterrainsector.obj
e:\prj\farcry\sourcecode\renderdll\xrenderogl\debug\cretrimeshadditionalshadow.obj
e:\prj\farcry\sourcecode\renderdll\xrenderogl\debug\cretrimeshshadow.obj
e:\prj\farcry\sourcecode\renderdll\xrenderogl\debug\3dutils.obj
e:\prj\farcry\sourcecode\renderdll\xrenderogl\debug\evalfuncs_c.obj
e:\prj\farcry\sourcecode\renderdll\xrenderogl\debug\evalfuncs_re.obj
e:\prj\farcry\sourcecode\renderdll\xrenderogl\debug\leafbuffercreate.obj
e:\prj\farcry\sourcecode\renderdll\xrenderogl\debug\leafbufferrender.obj
e:\prj\farcry\sourcecode\renderdll\xrenderogl\debug\leafbufferserialize.obj
e:\prj\farcry\sourcecode\renderdll\xrenderogl\debug\lightmaterial.obj
e:\prj\farcry\sourcecode\renderdll\xrenderogl\debug\names.obj
e:\prj\farcry\sourcecode\renderdll\xrenderogl\debug\pip_addons.obj
e:\prj\farcry\sourcecode\renderdll\xrenderogl\debug\cre2dquad.obj
e:\prj\farcry\sourcecode\renderdll\xrenderogl\debug\crebeam.obj
d:\games\fc\bin32\xrenderogl.dll
e:\prj\farcry\sourcecode\renderdll\xrenderogl\debug\xrenderogl.tlog\cl.command.1.tlog
e:\prj\farcry\sourcecode\renderdll\xrenderogl\debug\xrenderogl.tlog\cl.read.1.tlog
e:\prj\farcry\sourcecode\renderdll\xrenderogl\debug\xrenderogl.tlog\cl.write.1.tlog
