e:\prj\farcry\sourcecode\cryscriptsystem\debug\cryscriptsystem.pch
e:\prj\farcry\sourcecode\cryscriptsystem\debug\vc143.pdb
e:\prj\farcry\sourcecode\cryscriptsystem\debug\vc143.idb
e:\prj\farcry\sourcecode\cryscriptsystem\debug\stdafx.obj
e:\prj\farcry\sourcecode\cryscriptsystem\debug\cryscriptsystem.obj
e:\prj\farcry\sourcecode\cryscriptsystem\debug\functionhandler.obj
e:\prj\farcry\sourcecode\cryscriptsystem\debug\luacrypakio.obj
e:\prj\farcry\sourcecode\cryscriptsystem\debug\memstats.obj
e:\prj\farcry\sourcecode\cryscriptsystem\debug\recycleallocator.obj
e:\prj\farcry\sourcecode\cryscriptsystem\debug\scriptbuffer.obj
e:\prj\farcry\sourcecode\cryscriptsystem\debug\scriptobject.obj
e:\prj\farcry\sourcecode\cryscriptsystem\debug\scriptsystem.obj
e:\prj\farcry\sourcecode\cryscriptsystem\debug\lbaselib.obj
e:\prj\farcry\sourcecode\cryscriptsystem\debug\lbitlib.obj
e:\prj\farcry\sourcecode\cryscriptsystem\debug\ldblib.obj
e:\prj\farcry\sourcecode\cryscriptsystem\debug\liolib.obj
e:\prj\farcry\sourcecode\cryscriptsystem\debug\lmathlib.obj
e:\prj\farcry\sourcecode\cryscriptsystem\debug\lstrlib.obj
e:\prj\farcry\sourcecode\cryscriptsystem\debug\llex.obj
e:\prj\farcry\sourcecode\cryscriptsystem\debug\lmem.obj
e:\prj\farcry\sourcecode\cryscriptsystem\debug\lobject.obj
e:\prj\farcry\sourcecode\cryscriptsystem\debug\lopcodes.obj
e:\prj\farcry\sourcecode\cryscriptsystem\debug\lparser.obj
e:\prj\farcry\sourcecode\cryscriptsystem\debug\lstate.obj
e:\prj\farcry\sourcecode\cryscriptsystem\debug\lstring.obj
e:\prj\farcry\sourcecode\cryscriptsystem\debug\ltable.obj
e:\prj\farcry\sourcecode\cryscriptsystem\debug\ltests.obj
e:\prj\farcry\sourcecode\cryscriptsystem\debug\ltm.obj
e:\prj\farcry\sourcecode\cryscriptsystem\debug\lundump.obj
e:\prj\farcry\sourcecode\cryscriptsystem\debug\lvm.obj
e:\prj\farcry\sourcecode\cryscriptsystem\debug\lzio.obj
e:\prj\farcry\sourcecode\cryscriptsystem\debug\vectorlib.obj
e:\prj\farcry\sourcecode\cryscriptsystem\debug\lapi.obj
e:\prj\farcry\sourcecode\cryscriptsystem\debug\lcode.obj
e:\prj\farcry\sourcecode\cryscriptsystem\debug\ldebug.obj
e:\prj\farcry\sourcecode\cryscriptsystem\debug\ldo.obj
e:\prj\farcry\sourcecode\cryscriptsystem\debug\lfunc.obj
e:\prj\farcry\sourcecode\cryscriptsystem\debug\lgc.obj
e:\prj\farcry\sourcecode\cryscriptsystem\debug\lauxlib.obj
e:\prj\farcry\sourcecode\cryscriptsystem\debug\cryscriptsystem.ilk
d:\games\fc\bin32\cryscriptsystem.dll
d:\games\fc\bin32\cryscriptsystem.pdb
e:\prj\farcry\sourcecode\cryscriptsystem\debug\cryscriptsystem.lib
e:\prj\farcry\sourcecode\cryscriptsystem\debug\cryscriptsystem.exp
e:\prj\farcry\sourcecode\cryscriptsystem\debug\cryscriptsystem.tlog\cl.command.1.tlog
e:\prj\farcry\sourcecode\cryscriptsystem\debug\cryscriptsystem.tlog\cl.read.1.tlog
e:\prj\farcry\sourcecode\cryscriptsystem\debug\cryscriptsystem.tlog\cl.write.1.tlog
e:\prj\farcry\sourcecode\cryscriptsystem\debug\cryscriptsystem.tlog\link.command.1.tlog
e:\prj\farcry\sourcecode\cryscriptsystem\debug\cryscriptsystem.tlog\link.read.1.tlog
e:\prj\farcry\sourcecode\cryscriptsystem\debug\cryscriptsystem.tlog\link.write.1.tlog
e:\prj\farcry\sourcecode\cryscriptsystem\debug\cryscriptsystem.tlog\link.write.2u.tlog
