e:\prj\farcry\sourcecode\resourcecompiler\debug\resourcecompiler.pch
e:\prj\farcry\sourcecode\resourcecompiler\debug\vc143.pdb
e:\prj\farcry\sourcecode\resourcecompiler\debug\vc143.idb
e:\prj\farcry\sourcecode\resourcecompiler\debug\stdafx.obj
e:\prj\farcry\sourcecode\resourcecompiler\debug\cfgfile.obj
e:\prj\farcry\sourcecode\resourcecompiler\debug\cgfutils.obj
e:\prj\farcry\sourcecode\resourcecompiler\debug\chunkfilereader.obj
e:\prj\farcry\sourcecode\resourcecompiler\debug\cmdline.obj
e:\prj\farcry\sourcecode\resourcecompiler\debug\config.obj
e:\prj\farcry\sourcecode\resourcecompiler\debug\crybonedesc.obj
e:\prj\farcry\sourcecode\resourcecompiler\debug\crybonehierarchyloader.obj
e:\prj\farcry\sourcecode\resourcecompiler\debug\crychunkedfile.obj
e:\prj\farcry\sourcecode\resourcecompiler\debug\cryvertexbinding.obj
e:\prj\farcry\sourcecode\resourcecompiler\debug\extensionmanager.obj
e:\prj\farcry\sourcecode\resourcecompiler\debug\filemapping.obj
e:\prj\farcry\sourcecode\resourcecompiler\debug\fileutil.obj
e:\prj\farcry\sourcecode\resourcecompiler\debug\resourcecompiler.obj
e:\prj\farcry\sourcecode\resourcecompiler\debug\nvtristrip.obj
e:\prj\farcry\sourcecode\resourcecompiler\debug\nvtristripobjects.obj
e:\prj\farcry\sourcecode\resourcecompiler\debug\resourcecompiler.ilk
d:\games\fc\bin32\rc.exe
d:\games\fc\bin32\rc.pdb
e:\prj\farcry\sourcecode\resourcecompiler\debug\resourcecompiler.tlog\cl.command.1.tlog
e:\prj\farcry\sourcecode\resourcecompiler\debug\resourcecompiler.tlog\cl.read.1.tlog
e:\prj\farcry\sourcecode\resourcecompiler\debug\resourcecompiler.tlog\cl.write.1.tlog
e:\prj\farcry\sourcecode\resourcecompiler\debug\resourcecompiler.tlog\link.command.1.tlog
e:\prj\farcry\sourcecode\resourcecompiler\debug\resourcecompiler.tlog\link.read.1.tlog
e:\prj\farcry\sourcecode\resourcecompiler\debug\resourcecompiler.tlog\link.write.1.tlog
