e:\prj\farcry\sourcecode\cry3dengine\debug\cry3dengine.pch
e:\prj\farcry\sourcecode\cry3dengine\debug\vc143.pdb
e:\prj\farcry\sourcecode\cry3dengine\debug\vc143.idb
e:\prj\farcry\sourcecode\cry3dengine\debug\stdafx.obj
e:\prj\farcry\sourcecode\cry3dengine\debug\stencilshadowedgedetector.obj
e:\prj\farcry\sourcecode\cry3dengine\debug\terrain.obj
e:\prj\farcry\sourcecode\cry3dengine\debug\terrain_damage.obj
e:\prj\farcry\sourcecode\cry3dengine\debug\terrain_det_tex.obj
e:\prj\farcry\sourcecode\cry3dengine\debug\terrain_hmap.obj
e:\prj\farcry\sourcecode\cry3dengine\debug\terrain_init.obj
e:\prj\farcry\sourcecode\cry3dengine\debug\terrain_light.obj
e:\prj\farcry\sourcecode\cry3dengine\debug\terrain_load.obj
e:\prj\farcry\sourcecode\cry3dengine\debug\terrain_render.obj
e:\prj\farcry\sourcecode\cry3dengine\debug\terrain_sector.obj
e:\prj\farcry\sourcecode\cry3dengine\debug\terrain_sector_beach.obj
e:\prj\farcry\sourcecode\cry3dengine\debug\terrain_sector_render.obj
e:\prj\farcry\sourcecode\cry3dengine\debug\terrain_sector_tex.obj
e:\prj\farcry\sourcecode\cry3dengine\debug\terrain_tex_pool.obj
e:\prj\farcry\sourcecode\cry3dengine\debug\terrain_water_quad.obj
e:\prj\farcry\sourcecode\cry3dengine\debug\terran_edit.obj
e:\prj\farcry\sourcecode\cry3dengine\debug\vegetation.obj
e:\prj\farcry\sourcecode\cry3dengine\debug\visareaman.obj
e:\prj\farcry\sourcecode\cry3dengine\debug\visareas.obj
e:\prj\farcry\sourcecode\cry3dengine\debug\watervolumes.obj
e:\prj\farcry\sourcecode\cry3dengine\debug\objmanshadows.obj
e:\prj\farcry\sourcecode\cry3dengine\debug\objmanstreaming.obj
e:\prj\farcry\sourcecode\cry3dengine\debug\particle.obj
e:\prj\farcry\sourcecode\cry3dengine\debug\particleeffect.obj
e:\prj\farcry\sourcecode\cry3dengine\debug\particleemitter.obj
e:\prj\farcry\sourcecode\cry3dengine\debug\partman.obj
e:\prj\farcry\sourcecode\cry3dengine\debug\partpolygon.obj
e:\prj\farcry\sourcecode\cry3dengine\debug\rain.obj
e:\prj\farcry\sourcecode\cry3dengine\debug\spritemanager.obj
e:\prj\farcry\sourcecode\cry3dengine\debug\statobjcompiler.obj
e:\prj\farcry\sourcecode\cry3dengine\debug\statobjconstr.obj
e:\prj\farcry\sourcecode\cry3dengine\debug\statobjfar.obj
e:\prj\farcry\sourcecode\cry3dengine\debug\statobjload.obj
e:\prj\farcry\sourcecode\cry3dengine\debug\statobjphys.obj
e:\prj\farcry\sourcecode\cry3dengine\debug\statobjrend.obj
e:\prj\farcry\sourcecode\cry3dengine\debug\statobjserialize.obj
e:\prj\farcry\sourcecode\cry3dengine\debug\statobjshadow.obj
e:\prj\farcry\sourcecode\cry3dengine\debug\statobjshadowvolumes.obj
e:\prj\farcry\sourcecode\cry3dengine\debug\statobjstream.obj
e:\prj\farcry\sourcecode\cry3dengine\debug\stencilshadowconnectivitybuilder.obj
e:\prj\farcry\sourcecode\cry3dengine\debug\cbuffer.obj
e:\prj\farcry\sourcecode\cry3dengine\debug\cry3dengine.obj
e:\prj\farcry\sourcecode\cry3dengine\debug\crystaticmodel.obj
e:\prj\farcry\sourcecode\cry3dengine\debug\cvars.obj
e:\prj\farcry\sourcecode\cry3dengine\debug\decal.obj
e:\prj\farcry\sourcecode\cry3dengine\debug\decalmanager.obj
e:\prj\farcry\sourcecode\cry3dengine\debug\detail_grass.obj
e:\prj\farcry\sourcecode\cry3dengine\debug\file.obj
e:\prj\farcry\sourcecode\cry3dengine\debug\geom.obj
e:\prj\farcry\sourcecode\cry3dengine\debug\helper.obj
e:\prj\farcry\sourcecode\cry3dengine\debug\light.obj
e:\prj\farcry\sourcecode\cry3dengine\debug\lightman.obj
e:\prj\farcry\sourcecode\cry3dengine\debug\lmserializationmanager2.obj
e:\prj\farcry\sourcecode\cry3dengine\debug\matman.obj
e:\prj\farcry\sourcecode\cry3dengine\debug\meshidx.obj
e:\prj\farcry\sourcecode\cry3dengine\debug\node.obj
e:\prj\farcry\sourcecode\cry3dengine\debug\objman.obj
e:\prj\farcry\sourcecode\cry3dengine\debug\objmandraw.obj
e:\prj\farcry\sourcecode\cry3dengine\debug\objmandrawentity.obj
e:\prj\farcry\sourcecode\cry3dengine\debug\objmanfar.obj
e:\prj\farcry\sourcecode\cry3dengine\debug\3dengine.obj
e:\prj\farcry\sourcecode\cry3dengine\debug\3denginelight.obj
e:\prj\farcry\sourcecode\cry3dengine\debug\3dengineload.obj
e:\prj\farcry\sourcecode\cry3dengine\debug\3denginerender.obj
e:\prj\farcry\sourcecode\cry3dengine\debug\3denginescreeneffects.obj
e:\prj\farcry\sourcecode\cry3dengine\debug\basicarea.obj
e:\prj\farcry\sourcecode\cry3dengine\debug\brush.obj
e:\prj\farcry\sourcecode\cry3dengine\debug\brushlm.obj
e:\prj\farcry\sourcecode\cry3dengine\debug\cry3dengine.lib
e:\prj\farcry\sourcecode\cry3dengine\debug\cry3dengine.exp
d:\games\fc\bin32\cry3dengine.dll
e:\prj\farcry\sourcecode\cry3dengine\debug\cry3dengine.ilk
d:\games\fc\bin32\cry3dengine.pdb
e:\prj\farcry\sourcecode\cry3dengine\debug\cry3dengine.tlog\cl.command.1.tlog
e:\prj\farcry\sourcecode\cry3dengine\debug\cry3dengine.tlog\cl.read.1.tlog
e:\prj\farcry\sourcecode\cry3dengine\debug\cry3dengine.tlog\cl.write.1.tlog
e:\prj\farcry\sourcecode\cry3dengine\debug\cry3dengine.tlog\link.command.1.tlog
e:\prj\farcry\sourcecode\cry3dengine\debug\cry3dengine.tlog\link.read.1.tlog
e:\prj\farcry\sourcecode\cry3dengine\debug\cry3dengine.tlog\link.write.1.tlog
e:\prj\farcry\sourcecode\cry3dengine\debug\cry3dengine.tlog\link.write.2u.tlog
