e:\prj\farcry\sourcecode\crysystem\debug\crysystem.pch
e:\prj\farcry\sourcecode\crysystem\debug\vc143.pdb
e:\prj\farcry\sourcecode\crysystem\debug\vc143.idb
e:\prj\farcry\sourcecode\crysystem\debug\stdafx.obj
e:\prj\farcry\sourcecode\crysystem\debug\systemcfg.obj
e:\prj\farcry\sourcecode\crysystem\debug\systeminit.obj
e:\prj\farcry\sourcecode\crysystem\debug\systemrender.obj
e:\prj\farcry\sourcecode\crysystem\debug\systemwin32.obj
e:\prj\farcry\sourcecode\crysystem\debug\timer.obj
e:\prj\farcry\sourcecode\crysystem\debug\xconsole.obj
e:\prj\farcry\sourcecode\crysystem\debug\xconsolevariable.obj
e:\prj\farcry\sourcecode\crysystem\debug\xml.obj
e:\prj\farcry\sourcecode\crysystem\debug\xmldomdocumentimpl.obj
e:\prj\farcry\sourcecode\crysystem\debug\xmldomnodeimpl.obj
e:\prj\farcry\sourcecode\crysystem\debug\xmldomnodelistimpl.obj
e:\prj\farcry\sourcecode\crysystem\debug\_xmldomparserimpl.obj
e:\prj\farcry\sourcecode\crysystem\debug\zipdircache.obj
e:\prj\farcry\sourcecode\crysystem\debug\zipdircachefactory.obj
e:\prj\farcry\sourcecode\crysystem\debug\zipdircacherw.obj
e:\prj\farcry\sourcecode\crysystem\debug\zipdirfind.obj
e:\prj\farcry\sourcecode\crysystem\debug\zipdirfindrw.obj
e:\prj\farcry\sourcecode\crysystem\debug\zipdirlist.obj
e:\prj\farcry\sourcecode\crysystem\debug\zipdirstructures.obj
e:\prj\farcry\sourcecode\crysystem\debug\zipdirtree.obj
e:\prj\farcry\sourcecode\crysystem\debug\luadbg.obj
e:\prj\farcry\sourcecode\crysystem\debug\luadbginterface.obj
e:\prj\farcry\sourcecode\crysystem\debug\mailer.obj
e:\prj\farcry\sourcecode\crysystem\debug\mtsafeallocator.obj
e:\prj\farcry\sourcecode\crysystem\debug\randgen.obj
e:\prj\farcry\sourcecode\crysystem\debug\refreadstream.obj
e:\prj\farcry\sourcecode\crysystem\debug\refreadstreamproxy.obj
e:\prj\farcry\sourcecode\crysystem\debug\refstreamengine.obj
e:\prj\farcry\sourcecode\crysystem\debug\scriptbinding.obj
e:\prj\farcry\sourcecode\crysystem\debug\scriptobjectanimation.obj
e:\prj\farcry\sourcecode\crysystem\debug\scriptobjectentity.obj
e:\prj\farcry\sourcecode\crysystem\debug\scriptobjectmovie.obj
e:\prj\farcry\sourcecode\crysystem\debug\scriptobjectparticle.obj
e:\prj\farcry\sourcecode\crysystem\debug\scriptobjectscript.obj
e:\prj\farcry\sourcecode\crysystem\debug\scriptobjectsound.obj
e:\prj\farcry\sourcecode\crysystem\debug\scriptobjectsystem.obj
e:\prj\farcry\sourcecode\crysystem\debug\scriptsink.obj
e:\prj\farcry\sourcecode\crysystem\debug\sourcesafehelper.obj
e:\prj\farcry\sourcecode\crysystem\debug\streamengine.obj
e:\prj\farcry\sourcecode\crysystem\debug\system.obj
e:\prj\farcry\sourcecode\crysystem\debug\applicationhelper.obj
e:\prj\farcry\sourcecode\crysystem\debug\compressedfile.obj
e:\prj\farcry\sourcecode\crysystem\debug\cpudetect.obj
e:\prj\farcry\sourcecode\crysystem\debug\crymemorymanager.obj
e:\prj\farcry\sourcecode\crysystem\debug\crypak.obj
e:\prj\farcry\sourcecode\crysystem\debug\crysizerimpl.obj
e:\prj\farcry\sourcecode\crysystem\debug\crysizerstats.obj
e:\prj\farcry\sourcecode\crysystem\debug\dataprobe.obj
e:\prj\farcry\sourcecode\crysystem\debug\debugcallstack.obj
e:\prj\farcry\sourcecode\crysystem\debug\dllmain.obj
e:\prj\farcry\sourcecode\crysystem\debug\downloadmanager.obj
e:\prj\farcry\sourcecode\crysystem\debug\frameprofilerender.obj
e:\prj\farcry\sourcecode\crysystem\debug\frameprofilesystem.obj
e:\prj\farcry\sourcecode\crysystem\debug\httpdownloader.obj
e:\prj\farcry\sourcecode\crysystem\debug\log.obj
e:\prj\farcry\sourcecode\crysystem\debug\filetree.obj
e:\prj\farcry\sourcecode\crysystem\debug\getdxver.obj
e:\prj\farcry\sourcecode\crysystem\debug\md5.obj
e:\prj\farcry\sourcecode\crysystem\debug\xmlparse.obj
e:\prj\farcry\sourcecode\crysystem\debug\xmlrole.obj
e:\prj\farcry\sourcecode\crysystem\debug\xmltok.obj
e:\prj\farcry\sourcecode\crysystem\debug\adler32.obj
e:\prj\farcry\sourcecode\crysystem\debug\compress.obj
e:\prj\farcry\sourcecode\crysystem\debug\crc32.obj
e:\prj\farcry\sourcecode\crysystem\debug\deflate.obj
e:\prj\farcry\sourcecode\crysystem\debug\gzio.obj
e:\prj\farcry\sourcecode\crysystem\debug\infblock.obj
e:\prj\farcry\sourcecode\crysystem\debug\infcodes.obj
e:\prj\farcry\sourcecode\crysystem\debug\inffast.obj
e:\prj\farcry\sourcecode\crysystem\debug\inflate.obj
e:\prj\farcry\sourcecode\crysystem\debug\inftrees.obj
e:\prj\farcry\sourcecode\crysystem\debug\infutil.obj
e:\prj\farcry\sourcecode\crysystem\debug\trees.obj
e:\prj\farcry\sourcecode\crysystem\debug\uncompr.obj
e:\prj\farcry\sourcecode\crysystem\debug\zutil.obj
e:\prj\farcry\sourcecode\crysystem\debug\crysystem.ilk
d:\games\fc\bin32\crysystem.dll
d:\games\fc\bin32\crysystem.pdb
e:\prj\farcry\sourcecode\crysystem\debug\crysystem.lib
e:\prj\farcry\sourcecode\crysystem\debug\crysystem.exp
e:\prj\farcry\sourcecode\crysystem\debug\crysystem.res
e:\prj\farcry\sourcecode\crysystem\debug\ssapi.tli
e:\prj\farcry\sourcecode\crysystem\debug\ssapi.tlh
e:\prj\farcry\sourcecode\crysystem\debug\crysystem.tlog\cl.command.1.tlog
e:\prj\farcry\sourcecode\crysystem\debug\crysystem.tlog\cl.read.1.tlog
e:\prj\farcry\sourcecode\crysystem\debug\crysystem.tlog\cl.write.1.tlog
e:\prj\farcry\sourcecode\crysystem\debug\crysystem.tlog\link.command.1.tlog
e:\prj\farcry\sourcecode\crysystem\debug\crysystem.tlog\link.read.1.tlog
e:\prj\farcry\sourcecode\crysystem\debug\crysystem.tlog\link.write.1.tlog
e:\prj\farcry\sourcecode\crysystem\debug\crysystem.tlog\link.write.2u.tlog
e:\prj\farcry\sourcecode\crysystem\debug\crysystem.tlog\rc.command.1.tlog
e:\prj\farcry\sourcecode\crysystem\debug\crysystem.tlog\rc.read.1.tlog
e:\prj\farcry\sourcecode\crysystem\debug\crysystem.tlog\rc.write.1.tlog
