e:\prj\farcry\sourcecode\cryfont\debug\cryfont.pch
e:\prj\farcry\sourcecode\cryfont\debug\vc143.pdb
e:\prj\farcry\sourcecode\cryfont\debug\vc143.idb
e:\prj\farcry\sourcecode\cryfont\debug\stdafx.obj
e:\prj\farcry\sourcecode\cryfont\debug\cryfont.obj
e:\prj\farcry\sourcecode\cryfont\debug\crypakio.obj
e:\prj\farcry\sourcecode\cryfont\debug\ffont.obj
e:\prj\farcry\sourcecode\cryfont\debug\ffontxml.obj
e:\prj\farcry\sourcecode\cryfont\debug\fontrenderer.obj
e:\prj\farcry\sourcecode\cryfont\debug\fonttexture.obj
e:\prj\farcry\sourcecode\cryfont\debug\glyphbitmap.obj
e:\prj\farcry\sourcecode\cryfont\debug\glyphcache.obj
e:\prj\farcry\sourcecode\cryfont\debug\icryfont.obj
e:\prj\farcry\sourcecode\cryfont\debug\autohint.obj
e:\prj\farcry\sourcecode\cryfont\debug\ftbase.obj
e:\prj\farcry\sourcecode\cryfont\debug\ftbbox.obj
e:\prj\farcry\sourcecode\cryfont\debug\ftbdf.obj
e:\prj\farcry\sourcecode\cryfont\debug\ftdebug.obj
e:\prj\farcry\sourcecode\cryfont\debug\ftglyph.obj
e:\prj\farcry\sourcecode\cryfont\debug\ftinit.obj
e:\prj\farcry\sourcecode\cryfont\debug\ftmm.obj
e:\prj\farcry\sourcecode\cryfont\debug\ftpfr.obj
e:\prj\farcry\sourcecode\cryfont\debug\ftsystem.obj
e:\prj\farcry\sourcecode\cryfont\debug\ftwinfnt.obj
e:\prj\farcry\sourcecode\cryfont\debug\ftcache.obj
e:\prj\farcry\sourcecode\cryfont\debug\psaux.obj
e:\prj\farcry\sourcecode\cryfont\debug\pshinter.obj
e:\prj\farcry\sourcecode\cryfont\debug\psnames.obj
e:\prj\farcry\sourcecode\cryfont\debug\raster.obj
e:\prj\farcry\sourcecode\cryfont\debug\sfnt.obj
e:\prj\farcry\sourcecode\cryfont\debug\smooth.obj
e:\prj\farcry\sourcecode\cryfont\debug\truetype.obj
e:\prj\farcry\sourcecode\cryfont\debug\winfnt.obj
e:\prj\farcry\sourcecode\cryfont\debug\cryfont.ilk
d:\games\fc\bin32\cryfont.dll
d:\games\fc\bin32\cryfont.pdb
e:\prj\farcry\sourcecode\cryfont\debug\cryfont.lib
e:\prj\farcry\sourcecode\cryfont\debug\cryfont.exp
e:\prj\farcry\sourcecode\cryfont\debug\cryfont.tlog\cl.command.1.tlog
e:\prj\farcry\sourcecode\cryfont\debug\cryfont.tlog\cl.read.1.tlog
e:\prj\farcry\sourcecode\cryfont\debug\cryfont.tlog\cl.write.1.tlog
e:\prj\farcry\sourcecode\cryfont\debug\cryfont.tlog\link.command.1.tlog
e:\prj\farcry\sourcecode\cryfont\debug\cryfont.tlog\link.read.1.tlog
e:\prj\farcry\sourcecode\cryfont\debug\cryfont.tlog\link.write.1.tlog
e:\prj\farcry\sourcecode\cryfont\debug\cryfont.tlog\link.write.2u.tlog
