e:\prj\farcry\sourcecode\crynetwork\debug\crynetwork.pch
e:\prj\farcry\sourcecode\crynetwork\debug\vc143.pdb
e:\prj\farcry\sourcecode\crynetwork\debug\vc143.idb
e:\prj\farcry\sourcecode\crynetwork\debug\stdafx.obj
e:\prj\farcry\sourcecode\crynetwork\debug\pbcl.obj
e:\prj\farcry\sourcecode\crynetwork\debug\pbmd5.obj
e:\prj\farcry\sourcecode\crynetwork\debug\pbsdk.obj
e:\prj\farcry\sourcecode\crynetwork\debug\pbsv.obj
e:\prj\farcry\sourcecode\crynetwork\debug\crynetwork.obj
e:\prj\farcry\sourcecode\crynetwork\debug\ctpendpoint.obj
e:\prj\farcry\sourcecode\crynetwork\debug\ctpendpointgnb.obj
e:\prj\farcry\sourcecode\crynetwork\debug\datagramsocket.obj
e:\prj\farcry\sourcecode\crynetwork\debug\defencewall.obj
e:\prj\farcry\sourcecode\crynetwork\debug\netserversnooper.obj
e:\prj\farcry\sourcecode\crynetwork\debug\network.obj
e:\prj\farcry\sourcecode\crynetwork\debug\newubisoftcdkey.obj
e:\prj\farcry\sourcecode\crynetwork\debug\newubisoftclient.obj
e:\prj\farcry\sourcecode\crynetwork\debug\newubisoftmsclient.obj
e:\prj\farcry\sourcecode\crynetwork\debug\newubisoftregserver.obj
e:\prj\farcry\sourcecode\crynetwork\debug\punkbusterinterface.obj
e:\prj\farcry\sourcecode\crynetwork\debug\rconsystem.obj
e:\prj\farcry\sourcecode\crynetwork\debug\scriptobjectnewubisoftclient.obj
e:\prj\farcry\sourcecode\crynetwork\debug\server.obj
e:\prj\farcry\sourcecode\crynetwork\debug\serverslot.obj
e:\prj\farcry\sourcecode\crynetwork\debug\serversnooper.obj
e:\prj\farcry\sourcecode\crynetwork\debug\serverstatemachine.obj
e:\prj\farcry\sourcecode\crynetwork\debug\staticcharcompressor.obj
e:\prj\farcry\sourcecode\crynetwork\debug\ubisoftmemory.obj
e:\prj\farcry\sourcecode\crynetwork\debug\ccpendpoint.obj
e:\prj\farcry\sourcecode\crynetwork\debug\client.obj
e:\prj\farcry\sourcecode\crynetwork\debug\clientlocal.obj
e:\prj\farcry\sourcecode\crynetwork\debug\clientstatemachine.obj
e:\prj\farcry\sourcecode\crynetwork\debug\compressionhelper.obj
e:\prj\farcry\sourcecode\crynetwork\debug\crynetwork.ilk
d:\games\fc\bin32\crynetwork.dll
d:\games\fc\bin32\crynetwork.pdb
e:\prj\farcry\sourcecode\crynetwork\debug\crynetwork.lib
e:\prj\farcry\sourcecode\crynetwork\debug\crynetwork.exp
e:\prj\farcry\sourcecode\crynetwork\debug\crynetwork.tlog\cl.command.1.tlog
e:\prj\farcry\sourcecode\crynetwork\debug\crynetwork.tlog\cl.read.1.tlog
e:\prj\farcry\sourcecode\crynetwork\debug\crynetwork.tlog\cl.write.1.tlog
e:\prj\farcry\sourcecode\crynetwork\debug\crynetwork.tlog\link.command.1.tlog
e:\prj\farcry\sourcecode\crynetwork\debug\crynetwork.tlog\link.read.1.tlog
e:\prj\farcry\sourcecode\crynetwork\debug\crynetwork.tlog\link.write.1.tlog
e:\prj\farcry\sourcecode\crynetwork\debug\crynetwork.tlog\link.write.2u.tlog
