e:\prj\farcry\sourcecode\renderdll\xrendernull\debug\xrendernull.pch
e:\prj\farcry\sourcecode\renderdll\xrendernull\debug\vc70.pdb
e:\prj\farcry\sourcecode\renderdll\xrendernull\debug\vc70.idb
e:\prj\farcry\sourcecode\renderdll\xrendernull\debug\renderpch.obj
e:\prj\farcry\sourcecode\renderdll\xrendernull\debug\ddsimage.obj
e:\prj\farcry\sourcecode\renderdll\xrendernull\debug\inv_cmap.obj
e:\prj\farcry\sourcecode\renderdll\xrendernull\debug\jpgimage.obj
e:\prj\farcry\sourcecode\renderdll\xrendernull\debug\pcximage.obj
e:\prj\farcry\sourcecode\renderdll\xrendernull\debug\quantize.obj
e:\prj\farcry\sourcecode\renderdll\xrendernull\debug\tgaimage.obj
e:\prj\farcry\sourcecode\renderdll\xrendernull\debug\texman.obj
e:\prj\farcry\sourcecode\renderdll\xrendernull\debug\texmanshadows.obj
e:\prj\farcry\sourcecode\renderdll\xrendernull\debug\texmanstreaming.obj
e:\prj\farcry\sourcecode\renderdll\xrendernull\debug\null_font.obj
e:\prj\farcry\sourcecode\renderdll\xrendernull\debug\null_renderer.obj
e:\prj\farcry\sourcecode\renderdll\xrendernull\debug\null_rendpipeline.obj
e:\prj\farcry\sourcecode\renderdll\xrendernull\debug\null_reocean.obj
e:\prj\farcry\sourcecode\renderdll\xrendernull\debug\null_rerender.obj
e:\prj\farcry\sourcecode\renderdll\xrendernull\debug\null_shaders.obj
e:\prj\farcry\sourcecode\renderdll\xrendernull\debug\null_shadows.obj
e:\prj\farcry\sourcecode\renderdll\xrendernull\debug\null_system.obj
e:\prj\farcry\sourcecode\renderdll\xrendernull\debug\null_textures.obj
e:\prj\farcry\sourcecode\renderdll\xrendernull\debug\null_texturesstreaming.obj
e:\prj\farcry\sourcecode\renderdll\xrendernull\debug\null_vertbuffer.obj
e:\prj\farcry\sourcecode\renderdll\xrendernull\debug\creprefabgeom.obj
e:\prj\farcry\sourcecode\renderdll\xrendernull\debug\crescreenprocess.obj
e:\prj\farcry\sourcecode\renderdll\xrendernull\debug\creshadowmap.obj
e:\prj\farcry\sourcecode\renderdll\xrendernull\debug\cresky.obj
e:\prj\farcry\sourcecode\renderdll\xrendernull\debug\cretempmesh.obj
e:\prj\farcry\sourcecode\renderdll\xrendernull\debug\creterrainsector.obj
e:\prj\farcry\sourcecode\renderdll\xrendernull\debug\cretrimeshadditionalshadow.obj
e:\prj\farcry\sourcecode\renderdll\xrendernull\debug\cretrimeshshadow.obj
e:\prj\farcry\sourcecode\renderdll\xrendernull\debug\fft_sse.obj
e:\prj\farcry\sourcecode\renderdll\xrendernull\debug\rendelement.obj
e:\prj\farcry\sourcecode\renderdll\xrendernull\debug\renderer.obj
e:\prj\farcry\sourcecode\renderdll\xrendernull\debug\resfile.obj
e:\prj\farcry\sourcecode\renderdll\xrendernull\debug\parser.obj
e:\prj\farcry\sourcecode\renderdll\xrendernull\debug\shadercomponents.obj
e:\prj\farcry\sourcecode\renderdll\xrendernull\debug\shadercore.obj
e:\prj\farcry\sourcecode\renderdll\xrendernull\debug\shaderparse.obj
e:\prj\farcry\sourcecode\renderdll\xrendernull\debug\shaderscript.obj
e:\prj\farcry\sourcecode\renderdll\xrendernull\debug\shadertemplate.obj
e:\prj\farcry\sourcecode\renderdll\xrendernull\debug\bmpimage.obj
e:\prj\farcry\sourcecode\renderdll\xrendernull\debug\cimage.obj
e:\prj\farcry\sourcecode\renderdll\xrendernull\debug\leafbuffercreate.obj
e:\prj\farcry\sourcecode\renderdll\xrendernull\debug\leafbufferrender.obj
e:\prj\farcry\sourcecode\renderdll\xrendernull\debug\leafbufferserialize.obj
e:\prj\farcry\sourcecode\renderdll\xrendernull\debug\lightmaterial.obj
e:\prj\farcry\sourcecode\renderdll\xrendernull\debug\names.obj
e:\prj\farcry\sourcecode\renderdll\xrendernull\debug\pip_addons.obj
e:\prj\farcry\sourcecode\renderdll\xrendernull\debug\cre2dquad.obj
e:\prj\farcry\sourcecode\renderdll\xrendernull\debug\crebeam.obj
e:\prj\farcry\sourcecode\renderdll\xrendernull\debug\creclientpoly.obj
e:\prj\farcry\sourcecode\renderdll\xrendernull\debug\creclientpoly2d.obj
e:\prj\farcry\sourcecode\renderdll\xrendernull\debug\credummy.obj
e:\prj\farcry\sourcecode\renderdll\xrendernull\debug\creflares.obj
e:\prj\farcry\sourcecode\renderdll\xrendernull\debug\creglare.obj
e:\prj\farcry\sourcecode\renderdll\xrendernull\debug\crehdrprocess.obj
e:\prj\farcry\sourcecode\renderdll\xrendernull\debug\creocean.obj
e:\prj\farcry\sourcecode\renderdll\xrendernull\debug\creocleaf.obj
e:\prj\farcry\sourcecode\renderdll\xrendernull\debug\creoclusionquery.obj
e:\prj\farcry\sourcecode\renderdll\xrendernull\debug\creparticlespray.obj
e:\prj\farcry\sourcecode\renderdll\xrendernull\debug\crepolyblend.obj
e:\prj\farcry\sourcecode\renderdll\xrendernull\debug\crepolymesh.obj
e:\prj\farcry\sourcecode\renderdll\xrendernull\debug\3dutils.obj
e:\prj\farcry\sourcecode\renderdll\xrendernull\debug\evalfuncs_c.obj
e:\prj\farcry\sourcecode\renderdll\xrendernull\debug\evalfuncs_re.obj
e:\prj\farcry\sourcecode\renderdll\xrendernull\debug\crt.obj
e:\prj\farcry\sourcecode\renderdll\xrendernull\debug\nvtristrip.obj
e:\prj\farcry\sourcecode\renderdll\xrendernull\debug\nvtristripobjects.obj
d:\games\fc\bin32\xrendernull.lib
d:\games\fc\bin32\xrendernull.exp
d:\games\fc\bin32\xrendernull.pdb
e:\prj\farcry\sourcecode\renderdll\xrendernull\debug\xrendernull.tlog\cl.command.1.tlog
e:\prj\farcry\sourcecode\renderdll\xrendernull\debug\xrendernull.tlog\cl.read.1.tlog
e:\prj\farcry\sourcecode\renderdll\xrendernull\debug\xrendernull.tlog\cl.write.1.tlog
e:\prj\farcry\sourcecode\renderdll\xrendernull\debug\xrendernull.tlog\link.21168-cvtres.read.1.tlog
e:\prj\farcry\sourcecode\renderdll\xrendernull\debug\xrendernull.tlog\link.21168-cvtres.write.1.tlog
e:\prj\farcry\sourcecode\renderdll\xrendernull\debug\xrendernull.tlog\link.21168-rc.read.1.tlog
e:\prj\farcry\sourcecode\renderdll\xrendernull\debug\xrendernull.tlog\link.21168-rc.write.1.tlog
e:\prj\farcry\sourcecode\renderdll\xrendernull\debug\xrendernull.tlog\link.21168.read.1.tlog
e:\prj\farcry\sourcecode\renderdll\xrendernull\debug\xrendernull.tlog\link.21168.write.1.tlog
e:\prj\farcry\sourcecode\renderdll\xrendernull\debug\xrendernull.tlog\link.command.1.tlog
e:\prj\farcry\sourcecode\renderdll\xrendernull\debug\xrendernull.tlog\link.read.1.tlog
e:\prj\farcry\sourcecode\renderdll\xrendernull\debug\xrendernull.tlog\link.write.1.tlog
e:\prj\farcry\sourcecode\renderdll\xrendernull\debug\xrendernull.tlog\link.write.2u.tlog
