e:\prj\farcry\sourcecode\cryphysics\debug\cryphysics.pch
e:\prj\farcry\sourcecode\cryphysics\debug\vc143.pdb
e:\prj\farcry\sourcecode\cryphysics\debug\vc143.idb
e:\prj\farcry\sourcecode\cryphysics\debug\stdafx.obj
e:\prj\farcry\sourcecode\cryphysics\debug\matrixnm.obj
e:\prj\farcry\sourcecode\cryphysics\debug\obbtree.obj
e:\prj\farcry\sourcecode\cryphysics\debug\overlapchecks.obj
e:\prj\farcry\sourcecode\cryphysics\debug\particleentity.obj
e:\prj\farcry\sourcecode\cryphysics\debug\physicalentity.obj
e:\prj\farcry\sourcecode\cryphysics\debug\physicalplaceholder.obj
e:\prj\farcry\sourcecode\cryphysics\debug\physicalworld.obj
e:\prj\farcry\sourcecode\cryphysics\debug\qhull.obj
e:\prj\farcry\sourcecode\cryphysics\debug\raybv.obj
e:\prj\farcry\sourcecode\cryphysics\debug\raygeom.obj
e:\prj\farcry\sourcecode\cryphysics\debug\rigidbody.obj
e:\prj\farcry\sourcecode\cryphysics\debug\rigidentity.obj
e:\prj\farcry\sourcecode\cryphysics\debug\ropeentity.obj
e:\prj\farcry\sourcecode\cryphysics\debug\rotunprojectionchecks.obj
e:\prj\farcry\sourcecode\cryphysics\debug\singleboxtree.obj
e:\prj\farcry\sourcecode\cryphysics\debug\softentity.obj
e:\prj\farcry\sourcecode\cryphysics\debug\spheregeom.obj
e:\prj\farcry\sourcecode\cryphysics\debug\trimesh.obj
e:\prj\farcry\sourcecode\cryphysics\debug\utils.obj
e:\prj\farcry\sourcecode\cryphysics\debug\wheeledvehicleentity.obj
e:\prj\farcry\sourcecode\cryphysics\debug\aabbtree.obj
e:\prj\farcry\sourcecode\cryphysics\debug\articulatedentity.obj
e:\prj\farcry\sourcecode\cryphysics\debug\boolean2d.obj
e:\prj\farcry\sourcecode\cryphysics\debug\boxgeom.obj
e:\prj\farcry\sourcecode\cryphysics\debug\cryphysics.obj
e:\prj\farcry\sourcecode\cryphysics\debug\cylindergeom.obj
e:\prj\farcry\sourcecode\cryphysics\debug\geoman.obj
e:\prj\farcry\sourcecode\cryphysics\debug\geometry.obj
e:\prj\farcry\sourcecode\cryphysics\debug\heightfieldbv.obj
e:\prj\farcry\sourcecode\cryphysics\debug\heightfieldgeom.obj
e:\prj\farcry\sourcecode\cryphysics\debug\intersectionchecks.obj
e:\prj\farcry\sourcecode\cryphysics\debug\linunprojectionchecks.obj
e:\prj\farcry\sourcecode\cryphysics\debug\livingentity.obj
e:\prj\farcry\sourcecode\cryphysics\debug\cryphysics.ilk
d:\games\fc\bin32\cryphysics.dll
d:\games\fc\bin32\cryphysics.pdb
e:\prj\farcry\sourcecode\cryphysics\debug\cryphysics.lib
e:\prj\farcry\sourcecode\cryphysics\debug\cryphysics.exp
e:\prj\farcry\sourcecode\cryphysics\debug\cryphysics.tlog\cl.command.1.tlog
e:\prj\farcry\sourcecode\cryphysics\debug\cryphysics.tlog\cl.read.1.tlog
e:\prj\farcry\sourcecode\cryphysics\debug\cryphysics.tlog\cl.write.1.tlog
e:\prj\farcry\sourcecode\cryphysics\debug\cryphysics.tlog\link.command.1.tlog
e:\prj\farcry\sourcecode\cryphysics\debug\cryphysics.tlog\link.read.1.tlog
e:\prj\farcry\sourcecode\cryphysics\debug\cryphysics.tlog\link.write.1.tlog
e:\prj\farcry\sourcecode\cryphysics\debug\cryphysics.tlog\link.write.2u.tlog
