e:\prj\farcry\sourcecode\crygame\debug\crygame.pch
e:\prj\farcry\sourcecode\crygame\debug\vc143.pdb
e:\prj\farcry\sourcecode\crygame\debug\vc143.idb
e:\prj\farcry\sourcecode\crygame\debug\stdafx.obj
e:\prj\farcry\sourcecode\crygame\debug\xobjectproxy.obj
e:\prj\farcry\sourcecode\crygame\debug\xplayer.obj
e:\prj\farcry\sourcecode\crygame\debug\xplayercamera.obj
e:\prj\farcry\sourcecode\crygame\debug\xplayerlight.obj
e:\prj\farcry\sourcecode\crygame\debug\xplayervehicle.obj
e:\prj\farcry\sourcecode\crygame\debug\xpuppetproxy.obj
e:\prj\farcry\sourcecode\crygame\debug\xserver.obj
e:\prj\farcry\sourcecode\crygame\debug\xserverrules.obj
e:\prj\farcry\sourcecode\crygame\debug\xserverslot.obj
e:\prj\farcry\sourcecode\crygame\debug\xsnapshot.obj
e:\prj\farcry\sourcecode\crygame\debug\xsurfacemgr.obj
e:\prj\farcry\sourcecode\crygame\debug\xsystembase.obj
e:\prj\farcry\sourcecode\crygame\debug\xsystemclient.obj
e:\prj\farcry\sourcecode\crygame\debug\xsystemdummy.obj
e:\prj\farcry\sourcecode\crygame\debug\xsystementities.obj
e:\prj\farcry\sourcecode\crygame\debug\xsystemserver.obj
e:\prj\farcry\sourcecode\crygame\debug\xvehicle.obj
e:\prj\farcry\sourcecode\crygame\debug\xvehicleproxy.obj
e:\prj\farcry\sourcecode\crygame\debug\xvehicleproxyheli.obj
e:\prj\farcry\sourcecode\crygame\debug\xvehiclesystem.obj
e:\prj\farcry\sourcecode\crygame\debug\uicvars.obj
e:\prj\farcry\sourcecode\crygame\debug\uidivx_video.obj
e:\prj\farcry\sourcecode\crygame\debug\uieditbox.obj
e:\prj\farcry\sourcecode\crygame\debug\uihud.obj
e:\prj\farcry\sourcecode\crygame\debug\uilistview.obj
e:\prj\farcry\sourcecode\crygame\debug\uiscreen.obj
e:\prj\farcry\sourcecode\crygame\debug\uiscrollbar.obj
e:\prj\farcry\sourcecode\crygame\debug\uistatic.obj
e:\prj\farcry\sourcecode\crygame\debug\uisystem.obj
e:\prj\farcry\sourcecode\crygame\debug\uivideopanel.obj
e:\prj\farcry\sourcecode\crygame\debug\uiwidget.obj
e:\prj\farcry\sourcecode\crygame\debug\weaponclass.obj
e:\prj\farcry\sourcecode\crygame\debug\weaponsystemex.obj
e:\prj\farcry\sourcecode\crygame\debug\xarea.obj
e:\prj\farcry\sourcecode\crygame\debug\xclient.obj
e:\prj\farcry\sourcecode\crygame\debug\xclientsnapshot.obj
e:\prj\farcry\sourcecode\crygame\debug\xdemomgr.obj
e:\prj\farcry\sourcecode\crygame\debug\xentityprocessingcmd.obj
e:\prj\farcry\sourcecode\crygame\debug\xnetwork.obj
e:\prj\farcry\sourcecode\crygame\debug\xnetworkstats.obj
e:\prj\farcry\sourcecode\crygame\debug\scriptobjectlanguage.obj
e:\prj\farcry\sourcecode\crygame\debug\scriptobjectplayer.obj
e:\prj\farcry\sourcecode\crygame\debug\scriptobjectrenderer.obj
e:\prj\farcry\sourcecode\crygame\debug\scriptobjectserver.obj
e:\prj\farcry\sourcecode\crygame\debug\scriptobjectserverslot.obj
e:\prj\farcry\sourcecode\crygame\debug\scriptobjectspectator.obj
e:\prj\farcry\sourcecode\crygame\debug\scriptobjectstream.obj
e:\prj\farcry\sourcecode\crygame\debug\scriptobjectsynched2dtable.obj
e:\prj\farcry\sourcecode\crygame\debug\scriptobjectui.obj
e:\prj\farcry\sourcecode\crygame\debug\scriptobjectvehicle.obj
e:\prj\farcry\sourcecode\crygame\debug\scriptobjectweaponclass.obj
e:\prj\farcry\sourcecode\crygame\debug\scripttimermgr.obj
e:\prj\farcry\sourcecode\crygame\debug\spectator.obj
e:\prj\farcry\sourcecode\crygame\debug\stringtablemgr.obj
e:\prj\farcry\sourcecode\crygame\debug\synched2dtable.obj
e:\prj\farcry\sourcecode\crygame\debug\synchedrandomseed.obj
e:\prj\farcry\sourcecode\crygame\debug\timedemorecorder.obj
e:\prj\farcry\sourcecode\crygame\debug\uibutton.obj
e:\prj\farcry\sourcecode\crygame\debug\uicheckbox.obj
e:\prj\farcry\sourcecode\crygame\debug\uicombobox.obj
e:\prj\farcry\sourcecode\crygame\debug\gamecallbacks.obj
e:\prj\farcry\sourcecode\crygame\debug\gameclientserver.obj
e:\prj\farcry\sourcecode\crygame\debug\gamedevmode.obj
e:\prj\farcry\sourcecode\crygame\debug\gameequippacks.obj
e:\prj\farcry\sourcecode\crygame\debug\gameevents.obj
e:\prj\farcry\sourcecode\crygame\debug\gameloading.obj
e:\prj\farcry\sourcecode\crygame\debug\gamememstats.obj
e:\prj\farcry\sourcecode\crygame\debug\gamemisc.obj
e:\prj\farcry\sourcecode\crygame\debug\gamemods.obj
e:\prj\farcry\sourcecode\crygame\debug\gamemovieuser.obj
e:\prj\farcry\sourcecode\crygame\debug\gameradar.obj
e:\prj\farcry\sourcecode\crygame\debug\gametagpoints.obj
e:\prj\farcry\sourcecode\crygame\debug\ingamedialog.obj
e:\prj\farcry\sourcecode\crygame\debug\netentityinfo.obj
e:\prj\farcry\sourcecode\crygame\debug\scriptobjectadvcamsystem.obj
e:\prj\farcry\sourcecode\crygame\debug\scriptobjectai.obj
e:\prj\farcry\sourcecode\crygame\debug\scriptobjectboids.obj
e:\prj\farcry\sourcecode\crygame\debug\scriptobjectclient.obj
e:\prj\farcry\sourcecode\crygame\debug\scriptobjectgame.obj
e:\prj\farcry\sourcecode\crygame\debug\scriptobjectinput.obj
e:\prj\farcry\sourcecode\crygame\debug\advcamsystem.obj
e:\prj\farcry\sourcecode\crygame\debug\aihandler.obj
e:\prj\farcry\sourcecode\crygame\debug\bitstream_base.obj
e:\prj\farcry\sourcecode\crygame\debug\bitstream_compressed.obj
e:\prj\farcry\sourcecode\crygame\debug\bugsflock.obj
e:\prj\farcry\sourcecode\crygame\debug\crygame.obj
e:\prj\farcry\sourcecode\crygame\debug\entityclassregistry.obj
e:\prj\farcry\sourcecode\crygame\debug\flock.obj
e:\prj\farcry\sourcecode\crygame\debug\game.obj
e:\prj\farcry\sourcecode\crygame\debug\gameactioninput.obj
e:\prj\farcry\sourcecode\crygame\debug\crygame.lib
e:\prj\farcry\sourcecode\crygame\debug\crygame.exp
d:\games\fc\bin32\crygame.dll
e:\prj\farcry\sourcecode\crygame\debug\crygame.ilk
d:\games\fc\bin32\crygame.pdb
e:\prj\farcry\sourcecode\crygame\debug\crygame.tlog\cl.command.1.tlog
e:\prj\farcry\sourcecode\crygame\debug\crygame.tlog\cl.read.1.tlog
e:\prj\farcry\sourcecode\crygame\debug\crygame.tlog\cl.write.1.tlog
e:\prj\farcry\sourcecode\crygame\debug\crygame.tlog\link.command.1.tlog
e:\prj\farcry\sourcecode\crygame\debug\crygame.tlog\link.read.1.tlog
e:\prj\farcry\sourcecode\crygame\debug\crygame.tlog\link.write.1.tlog
e:\prj\farcry\sourcecode\crygame\debug\crygame.tlog\link.write.2u.tlog
